{"C:\\Microverse\\Module2\\Repo_to_be_Reviewed\\src\\modules\\task.js": {"path":"C:\\Microverse\\Module2\\Repo_to_be_Reviewed\\src\\modules\\task.js","statementMap":{"0":{"start":{"line":4,"column":4},"end":{"line":4,"column":25}},"1":{"start":{"line":5,"column":4},"end":{"line":5,"column":22}},"2":{"start":{"line":6,"column":4},"end":{"line":6,"column":22}},"3":{"start":{"line":12,"column":4},"end":{"line":12,"column":20}},"4":{"start":{"line":16,"column":4},"end":{"line":16,"column":56}},"5":{"start":{"line":16,"column":34},"end":{"line":16,"column":56}},"6":{"start":{"line":17,"column":4},"end":{"line":17,"column":26}},"7":{"start":{"line":18,"column":4},"end":{"line":18,"column":22}},"8":{"start":{"line":22,"column":4},"end":{"line":22,"column":57}},"9":{"start":{"line":22,"column":35},"end":{"line":22,"column":57}},"10":{"start":{"line":23,"column":4},"end":{"line":23,"column":32}},"11":{"start":{"line":24,"column":4},"end":{"line":24,"column":22}},"12":{"start":{"line":28,"column":4},"end":{"line":28,"column":43}},"13":{"start":{"line":29,"column":4},"end":{"line":29,"column":22}},"14":{"start":{"line":33,"column":0},"end":{"line":33,"column":33}}},"fnMap":{"0":{"name":"(anonymous_0)","decl":{"start":{"line":3,"column":2},"end":{"line":3,"column":3}},"loc":{"start":{"line":3,"column":22},"end":{"line":7,"column":3}},"line":3},"1":{"name":"(anonymous_1)","decl":{"start":{"line":11,"column":2},"end":{"line":11,"column":3}},"loc":{"start":{"line":11,"column":16},"end":{"line":13,"column":3}},"line":11},"2":{"name":"(anonymous_2)","decl":{"start":{"line":15,"column":2},"end":{"line":15,"column":3}},"loc":{"start":{"line":15,"column":19},"end":{"line":19,"column":3}},"line":15},"3":{"name":"(anonymous_3)","decl":{"start":{"line":21,"column":2},"end":{"line":21,"column":3}},"loc":{"start":{"line":21,"column":21},"end":{"line":25,"column":3}},"line":21},"4":{"name":"(anonymous_4)","decl":{"start":{"line":27,"column":2},"end":{"line":27,"column":3}},"loc":{"start":{"line":27,"column":27},"end":{"line":30,"column":3}},"line":27}},"branchMap":{"0":{"loc":{"start":{"line":16,"column":4},"end":{"line":16,"column":56}},"type":"if","locations":[{"start":{"line":16,"column":4},"end":{"line":16,"column":56}},{"start":{},"end":{}}],"line":16},"1":{"loc":{"start":{"line":22,"column":4},"end":{"line":22,"column":57}},"type":"if","locations":[{"start":{"line":22,"column":4},"end":{"line":22,"column":57}},{"start":{},"end":{}}],"line":22}},"s":{"0":7,"1":7,"2":7,"3":4,"4":10,"5":1,"6":9,"7":9,"8":2,"9":1,"10":1,"11":1,"12":1,"13":1,"14":1},"f":{"0":7,"1":4,"2":10,"3":2,"4":1},"b":{"0":[1,9],"1":[1,1]},"_coverageSchema":"1a1c01bbd47fc00a2c39e90264f33305004495a9","hash":"efd281e64a479f6cfee9611968eaec55561ce42b"}
,"C:\\Microverse\\Module2\\Repo_to_be_Reviewed\\src\\modules\\taskLoader.js": {"path":"C:\\Microverse\\Module2\\Repo_to_be_Reviewed\\src\\modules\\taskLoader.js","statementMap":{"0":{"start":{"line":2,"column":24},"end":{"line":2,"column":48}},"1":{"start":{"line":6,"column":14},"end":{"line":6,"column":30}},"2":{"start":{"line":8,"column":2},"end":{"line":10,"column":3}},"3":{"start":{"line":9,"column":4},"end":{"line":9,"column":40}},"4":{"start":{"line":14,"column":2},"end":{"line":88,"column":5}},"5":{"start":{"line":15,"column":17},"end":{"line":15,"column":45}},"6":{"start":{"line":16,"column":17},"end":{"line":16,"column":47}},"7":{"start":{"line":17,"column":4},"end":{"line":17,"column":33}},"8":{"start":{"line":18,"column":21},"end":{"line":18,"column":52}},"9":{"start":{"line":19,"column":4},"end":{"line":19,"column":31}},"10":{"start":{"line":20,"column":4},"end":{"line":20,"column":33}},"11":{"start":{"line":21,"column":4},"end":{"line":21,"column":35}},"12":{"start":{"line":22,"column":4},"end":{"line":22,"column":23}},"13":{"start":{"line":26,"column":4},"end":{"line":34,"column":7}},"14":{"start":{"line":27,"column":6},"end":{"line":27,"column":38}},"15":{"start":{"line":28,"column":6},"end":{"line":32,"column":7}},"16":{"start":{"line":29,"column":8},"end":{"line":29,"column":51}},"17":{"start":{"line":31,"column":8},"end":{"line":31,"column":43}},"18":{"start":{"line":33,"column":6},"end":{"line":33,"column":25}},"19":{"start":{"line":36,"column":17},"end":{"line":36,"column":48}},"20":{"start":{"line":37,"column":4},"end":{"line":37,"column":28}},"21":{"start":{"line":38,"column":4},"end":{"line":38,"column":29}},"22":{"start":{"line":39,"column":4},"end":{"line":39,"column":71}},"23":{"start":{"line":39,"column":28},"end":{"line":39,"column":71}},"24":{"start":{"line":43,"column":4},"end":{"line":51,"column":7}},"25":{"start":{"line":44,"column":6},"end":{"line":44,"column":29}},"26":{"start":{"line":45,"column":6},"end":{"line":45,"column":18}},"27":{"start":{"line":46,"column":6},"end":{"line":46,"column":41}},"28":{"start":{"line":47,"column":6},"end":{"line":47,"column":25}},"29":{"start":{"line":48,"column":6},"end":{"line":48,"column":51}},"30":{"start":{"line":49,"column":6},"end":{"line":49,"column":34}},"31":{"start":{"line":50,"column":6},"end":{"line":50,"column":73}},"32":{"start":{"line":50,"column":30},"end":{"line":50,"column":73}},"33":{"start":{"line":53,"column":17},"end":{"line":53,"column":44}},"34":{"start":{"line":54,"column":4},"end":{"line":54,"column":49}},"35":{"start":{"line":55,"column":4},"end":{"line":55,"column":21}},"36":{"start":{"line":59,"column":4},"end":{"line":64,"column":7}},"37":{"start":{"line":60,"column":6},"end":{"line":60,"column":31}},"38":{"start":{"line":61,"column":6},"end":{"line":61,"column":38}},"39":{"start":{"line":62,"column":6},"end":{"line":62,"column":25}},"40":{"start":{"line":63,"column":6},"end":{"line":63,"column":41}},"41":{"start":{"line":68,"column":4},"end":{"line":74,"column":7}},"42":{"start":{"line":69,"column":6},"end":{"line":73,"column":7}},"43":{"start":{"line":70,"column":8},"end":{"line":70,"column":38}},"44":{"start":{"line":71,"column":8},"end":{"line":71,"column":27}},"45":{"start":{"line":72,"column":8},"end":{"line":72,"column":38}},"46":{"start":{"line":78,"column":4},"end":{"line":84,"column":7}},"47":{"start":{"line":79,"column":6},"end":{"line":79,"column":34}},"48":{"start":{"line":80,"column":6},"end":{"line":80,"column":65}},"49":{"start":{"line":81,"column":6},"end":{"line":83,"column":7}},"50":{"start":{"line":82,"column":8},"end":{"line":82,"column":65}},"51":{"start":{"line":85,"column":4},"end":{"line":85,"column":38}},"52":{"start":{"line":86,"column":4},"end":{"line":86,"column":27}},"53":{"start":{"line":87,"column":4},"end":{"line":87,"column":28}},"54":{"start":{"line":91,"column":2},"end":{"line":91,"column":33}},"55":{"start":{"line":92,"column":2},"end":{"line":92,"column":15}},"56":{"start":{"line":95,"column":0},"end":{"line":95,"column":39}}},"fnMap":{"0":{"name":"TaskLoader","decl":{"start":{"line":4,"column":9},"end":{"line":4,"column":19}},"loc":{"start":{"line":4,"column":39},"end":{"line":89,"column":1}},"line":4},"1":{"name":"(anonymous_1)","decl":{"start":{"line":14,"column":16},"end":{"line":14,"column":17}},"loc":{"start":{"line":14,"column":33},"end":{"line":88,"column":3}},"line":14},"2":{"name":"(anonymous_2)","decl":{"start":{"line":26,"column":40},"end":{"line":26,"column":41}},"loc":{"start":{"line":26,"column":46},"end":{"line":34,"column":5}},"line":26},"3":{"name":"(anonymous_3)","decl":{"start":{"line":43,"column":36},"end":{"line":43,"column":37}},"loc":{"start":{"line":43,"column":47},"end":{"line":51,"column":5}},"line":43},"4":{"name":"(anonymous_4)","decl":{"start":{"line":59,"column":35},"end":{"line":59,"column":36}},"loc":{"start":{"line":59,"column":41},"end":{"line":64,"column":5}},"line":59},"5":{"name":"(anonymous_5)","decl":{"start":{"line":68,"column":35},"end":{"line":68,"column":36}},"loc":{"start":{"line":68,"column":46},"end":{"line":74,"column":5}},"line":68},"6":{"name":"(anonymous_6)","decl":{"start":{"line":78,"column":34},"end":{"line":78,"column":35}},"loc":{"start":{"line":78,"column":40},"end":{"line":84,"column":5}},"line":78},"7":{"name":"check","decl":{"start":{"line":90,"column":9},"end":{"line":90,"column":14}},"loc":{"start":{"line":90,"column":35},"end":{"line":93,"column":1}},"line":90}},"branchMap":{"0":{"loc":{"start":{"line":28,"column":6},"end":{"line":32,"column":7}},"type":"if","locations":[{"start":{"line":28,"column":6},"end":{"line":32,"column":7}},{"start":{"line":30,"column":13},"end":{"line":32,"column":7}}],"line":28},"1":{"loc":{"start":{"line":39,"column":4},"end":{"line":39,"column":71}},"type":"if","locations":[{"start":{"line":39,"column":4},"end":{"line":39,"column":71}},{"start":{},"end":{}}],"line":39},"2":{"loc":{"start":{"line":50,"column":6},"end":{"line":50,"column":73}},"type":"if","locations":[{"start":{"line":50,"column":6},"end":{"line":50,"column":73}},{"start":{},"end":{}}],"line":50},"3":{"loc":{"start":{"line":69,"column":6},"end":{"line":73,"column":7}},"type":"if","locations":[{"start":{"line":69,"column":6},"end":{"line":73,"column":7}},{"start":{},"end":{}}],"line":69},"4":{"loc":{"start":{"line":81,"column":6},"end":{"line":83,"column":7}},"type":"if","locations":[{"start":{"line":81,"column":6},"end":{"line":83,"column":7}},{"start":{},"end":{}}],"line":81}},"s":{"0":1,"1":0,"2":0,"3":0,"4":0,"5":0,"6":0,"7":0,"8":0,"9":0,"10":0,"11":0,"12":0,"13":0,"14":0,"15":0,"16":0,"17":0,"18":0,"19":0,"20":0,"21":0,"22":0,"23":0,"24":0,"25":0,"26":0,"27":0,"28":0,"29":0,"30":0,"31":0,"32":0,"33":0,"34":0,"35":0,"36":0,"37":0,"38":0,"39":0,"40":0,"41":0,"42":0,"43":0,"44":0,"45":0,"46":0,"47":0,"48":0,"49":0,"50":0,"51":0,"52":0,"53":0,"54":2,"55":2,"56":1},"f":{"0":0,"1":0,"2":0,"3":0,"4":0,"5":0,"6":0,"7":2},"b":{"0":[0,0],"1":[0,0],"2":[0,0],"3":[0,0],"4":[0,0]},"_coverageSchema":"1a1c01bbd47fc00a2c39e90264f33305004495a9","hash":"21dd24c81f2d63ab1d3ff4739d3048805c8c00f5"}
,"C:\\Microverse\\Module2\\Repo_to_be_Reviewed\\src\\modules\\taskMethods.js": {"path":"C:\\Microverse\\Module2\\Repo_to_be_Reviewed\\src\\modules\\taskMethods.js","statementMap":{"0":{"start":{"line":1,"column":20},"end":{"line":4,"column":1}},"1":{"start":{"line":2,"column":16},"end":{"line":2,"column":37}},"2":{"start":{"line":3,"column":2},"end":{"line":3,"column":39}},"3":{"start":{"line":6,"column":0},"end":{"line":6,"column":33}}},"fnMap":{"0":{"name":"(anonymous_0)","decl":{"start":{"line":1,"column":20},"end":{"line":1,"column":21}},"loc":{"start":{"line":1,"column":31},"end":{"line":4,"column":1}},"line":1}},"branchMap":{},"s":{"0":1,"1":0,"2":0,"3":1},"f":{"0":0},"b":{},"_coverageSchema":"1a1c01bbd47fc00a2c39e90264f33305004495a9","hash":"178376a3f441bcaf6b18cf6167a4d7310a1a2863"}
}
